<?xml version="1.0" encoding="UTF-8"?>
<!-- Generated by org.testng.reporters.JUnitXMLReporter -->
<testsuite ignored="0" hostname="HP" failures="0" tests="4" name="Test" time="3.848" errors="0" timestamp="2021-11-17T04:54:15 GMT-04:00">
  <testcase classname="tests.LoginTestOne" name="@BeforeMethod beforeMethod" time="3.679">
    <failure type="org.openqa.selenium.SessionNotCreatedException" message="session not created: This version of ChromeDriver only supports Chrome version 93
Current browser version is 95.0.4638.69 with binary path C:\Program Files\Google\Chrome\Application\chrome.exe
Build info: version: &amp;apos;3.141.59&amp;apos;, revision: &amp;apos;e82be7d358&amp;apos;, time: &amp;apos;2018-11-14T08:25:53&amp;apos;
System info: host: &amp;apos;HP&amp;apos;, ip: &amp;apos;192.168.56.1&amp;apos;, os.name: &amp;apos;Windows 8.1&amp;apos;, os.arch: &amp;apos;amd64&amp;apos;, os.version: &amp;apos;6.3&amp;apos;, java.version: &amp;apos;15.0.1&amp;apos;
Driver info: driver.version: ChromeDriver
remote stacktrace: Backtrace:
	Ordinal0 [0x0048A2D3+2663123]
	Ordinal0 [0x0041A491+2204817]
	Ordinal0 [0x00302118+1057048]
	Ordinal0 [0x0032041A+1180698]
	Ordinal0 [0x0031C335+1164085]
	Ordinal0 [0x00319B7F+1153919]
	Ordinal0 [0x00349D8F+1351055]
	Ordinal0 [0x003499FA+1350138]
	Ordinal0 [0x0034589B+1333403]
	Ordinal0 [0x00321F74+1187700]
	Ordinal0 [0x00322DC9+1191369]
	GetHandleVerifier [0x006230D6+1610054]
	GetHandleVerifier [0x006CB53B+2299307]
	GetHandleVerifier [0x00518DA9+519705]
	GetHandleVerifier [0x00517759+513993]
	Ordinal0 [0x0042112D+2232621]
	Ordinal0 [0x004255F8+2250232]
	Ordinal0 [0x00425732+2250546]
	Ordinal0 [0x0042E591+2286993]
	BaseThreadInitThunk [0x75326A14+36]
	RtlInitializeExceptionChain [0x7763A9EF+143]
	RtlInitializeExceptionChain [0x7763A9BA+90]
">
      <![CDATA[org.openqa.selenium.SessionNotCreatedException: session not created: This version of ChromeDriver only supports Chrome version 93
Current browser version is 95.0.4638.69 with binary path C:\Program Files\Google\Chrome\Application\chrome.exe
Build info: version: '3.141.59', revision: 'e82be7d358', time: '2018-11-14T08:25:53'
System info: host: 'HP', ip: '192.168.56.1', os.name: 'Windows 8.1', os.arch: 'amd64', os.version: '6.3', java.version: '15.0.1'
Driver info: driver.version: ChromeDriver
remote stacktrace: Backtrace:
Ordinal0 [0x0048A2D3+2663123]
Ordinal0 [0x0041A491+2204817]
Ordinal0 [0x00302118+1057048]
Ordinal0 [0x0032041A+1180698]
Ordinal0 [0x0031C335+1164085]
Ordinal0 [0x00319B7F+1153919]
Ordinal0 [0x00349D8F+1351055]
Ordinal0 [0x003499FA+1350138]
Ordinal0 [0x0034589B+1333403]
Ordinal0 [0x00321F74+1187700]
Ordinal0 [0x00322DC9+1191369]
GetHandleVerifier [0x006230D6+1610054]
GetHandleVerifier [0x006CB53B+2299307]
GetHandleVerifier [0x00518DA9+519705]
GetHandleVerifier [0x00517759+513993]
Ordinal0 [0x0042112D+2232621]
Ordinal0 [0x004255F8+2250232]
Ordinal0 [0x00425732+2250546]
Ordinal0 [0x0042E591+2286993]
BaseThreadInitThunk [0x75326A14+36]
RtlInitializeExceptionChain [0x7763A9EF+143]
RtlInitializeExceptionChain [0x7763A9BA+90]

at org.openqa.selenium.remote.W3CHandshakeResponse.lambda$errorHandler$0(W3CHandshakeResponse.java:62)
at org.openqa.selenium.remote.HandshakeResponse.lambda$getResponseFunction$0(HandshakeResponse.java:30)
at org.openqa.selenium.remote.ProtocolHandshake.lambda$createSession$0(ProtocolHandshake.java:126)
at java.base/java.util.stream.ReferencePipeline$3$1.accept(ReferencePipeline.java:195)
at java.base/java.util.Spliterators$ArraySpliterator.tryAdvance(Spliterators.java:958)
at java.base/java.util.stream.ReferencePipeline.forEachWithCancel(ReferencePipeline.java:127)
at java.base/java.util.stream.AbstractPipeline.copyIntoWithCancel(AbstractPipeline.java:502)
at java.base/java.util.stream.AbstractPipeline.copyInto(AbstractPipeline.java:488)
at java.base/java.util.stream.AbstractPipeline.wrapAndCopyInto(AbstractPipeline.java:474)
at java.base/java.util.stream.FindOps$FindOp.evaluateSequential(FindOps.java:150)
at java.base/java.util.stream.AbstractPipeline.evaluate(AbstractPipeline.java:234)
at java.base/java.util.stream.ReferencePipeline.findFirst(ReferencePipeline.java:543)
at org.openqa.selenium.remote.ProtocolHandshake.createSession(ProtocolHandshake.java:128)
at org.openqa.selenium.remote.ProtocolHandshake.createSession(ProtocolHandshake.java:74)
at org.openqa.selenium.remote.HttpCommandExecutor.execute(HttpCommandExecutor.java:136)
at org.openqa.selenium.remote.service.DriverCommandExecutor.execute(DriverCommandExecutor.java:83)
at org.openqa.selenium.remote.RemoteWebDriver.execute(RemoteWebDriver.java:552)
at org.openqa.selenium.remote.RemoteWebDriver.startSession(RemoteWebDriver.java:213)
at org.openqa.selenium.remote.RemoteWebDriver.<init>(RemoteWebDriver.java:131)
at org.openqa.selenium.chrome.ChromeDriver.<init>(ChromeDriver.java:181)
at org.openqa.selenium.chrome.ChromeDriver.<init>(ChromeDriver.java:168)
at org.openqa.selenium.chrome.ChromeDriver.<init>(ChromeDriver.java:123)
at pages.LoginPageOne.openBrowser(LoginPageOne.java:27)
at tests.LoginTestOne.beforeMethod(LoginTestOne.java:28)
at java.base/java.util.ArrayList.forEach(ArrayList.java:1511)
... Removed 36 stack frames]]>
    </failure>
  </testcase> <!-- @BeforeMethod beforeMethod -->
  <testcase classname="tests.LoginTestOne" name="@AfterMethod afterMethod" time="-1.637139254917E9">
    <skipped/>
  </testcase> <!-- @AfterMethod afterMethod -->
  <testcase classname="tests.LoginTestOne" name="@BeforeMethod beforeMethod" time="-1.637139254927E9">
    <skipped/>
  </testcase> <!-- @BeforeMethod beforeMethod -->
  <testcase classname="tests.LoginTestOne" name="@AfterMethod afterMethod" time="-1.637139254949E9">
    <skipped/>
  </testcase> <!-- @AfterMethod afterMethod -->
  <testcase classname="tests.LoginTestOne" name="@BeforeMethod beforeMethod" time="-1.637139254954E9">
    <skipped/>
  </testcase> <!-- @BeforeMethod beforeMethod -->
  <testcase classname="tests.LoginTestOne" name="@AfterMethod afterMethod" time="-1.63713925498E9">
    <skipped/>
  </testcase> <!-- @AfterMethod afterMethod -->
  <testcase classname="tests.LoginTestOne" name="@BeforeMethod beforeMethod" time="-1.637139254984E9">
    <skipped/>
  </testcase> <!-- @BeforeMethod beforeMethod -->
  <testcase classname="tests.LoginTestOne" name="@AfterMethod afterMethod" time="-1.637139255007E9">
    <skipped/>
  </testcase> <!-- @AfterMethod afterMethod -->
  <testcase classname="tests.LoginTestOne" name="testone_loginwithwrongemailpassword" time="0.0">
    <skipped/>
  </testcase> <!-- testone_loginwithwrongemailpassword -->
  <testcase classname="tests.LoginTestOne" name="testtwo_loginwithemptyemail" time="0.0">
    <skipped/>
  </testcase> <!-- testtwo_loginwithemptyemail -->
  <testcase classname="tests.LoginTestOne" name="testthree_loginwithemptypassword" time="0.0">
    <skipped/>
  </testcase> <!-- testthree_loginwithemptypassword -->
  <testcase classname="tests.LoginTestOne" name="testfour_loginwithinvalidemail" time="0.0">
    <skipped/>
  </testcase> <!-- testfour_loginwithinvalidemail -->
</testsuite> <!-- Test -->
